#
# There is insufficient memory for the Java Runtime Environment to continue.
# Native memory allocation (malloc) failed to allocate 1266256 bytes for Chunk::new
# Possible reasons:
#   The system is out of physical RAM or swap space
#   The process is running with CompressedOops enabled, and the Java Heap may be blocking the growth of the native heap
# Possible solutions:
#   Reduce memory load on the system
#   Increase physical memory or swap space
#   Check if swap backing store is full
#   Decrease Java heap size (-Xmx/-Xms)
#   Decrease number of Java threads
#   Decrease Java thread stack sizes (-Xss)
#   Set larger code cache with -XX:ReservedCodeCacheSize=
#   JVM is running with Unscaled Compressed Oops mode in which the Java heap is
#     placed in the first 4GB address space. The Java Heap base address is the
#     maximum limit for the native heap growth. Please use -XX:HeapBaseMinAddress
#     to set the Java Heap base and to place the Java Heap above 4GB virtual address.
# This output file may be truncated or incomplete.
#
#  Out of Memory Error (allocation.cpp:389), pid=92084, tid=0x0000000000015bf8
#
# JRE version: OpenJDK Runtime Environment (8.0_242-b01) (build 1.8.0_242-release-1644-b01)
# Java VM: OpenJDK 64-Bit Server VM (25.242-b01 mixed mode windows-amd64 compressed oops)
# Failed to write core dump. Minidumps are not enabled by default on client versions of Windows
#

---------------  T H R E A D  ---------------

Current thread (0x00000000197e7000):  JavaThread "C2 CompilerThread2" daemon [_thread_in_native, id=89080, stack(0x000000001a2b0000,0x000000001a3b0000)]

Stack: [0x000000001a2b0000,0x000000001a3b0000]
[error occurred during error reporting (printing stack bounds), id 0xc0000005]

Native frames: (J=compiled Java code, j=interpreted, Vv=VM code, C=native code)


Current CompileTask:
C2:  26370 14457       4       com.android.tools.r8.ir.conversion.N::a (866 bytes)


---------------  P R O C E S S  ---------------

Java Threads: ( => current thread )
  0x0000000021251800 JavaThread "WorkerExecutor Queue Thread 3" [_thread_blocked, id=71440, stack(0x000000002d590000,0x000000002d690000)]
  0x000000002124d000 JavaThread "WorkerExecutor Queue Thread 2" [_thread_blocked, id=80572, stack(0x000000002d490000,0x000000002d590000)]
  0x0000000021250000 JavaThread "stdout" [_thread_in_native, id=88476, stack(0x000000002cf90000,0x000000002d090000)]
  0x000000002124f800 JavaThread "stderr" [_thread_in_native, id=84400, stack(0x000000002ce90000,0x000000002cf90000)]
  0x000000002124e800 JavaThread "pool-2-thread-1" [_thread_blocked, id=87260, stack(0x000000002cd90000,0x000000002ce90000)]
  0x000000002aed9800 JavaThread "Cache worker for execution history cache (C:\Users\Nisha\AndroidStudioProjects\Calculator\.gradle\6.5\executionHistory)" [_thread_blocked, id=89036, stack(0x000000002c690000,0x000000002c790000)]
  0x000000002aee0000 JavaThread "Execution worker for ':' Thread 7" [_thread_blocked, id=83612, stack(0x000000002c590000,0x000000002c690000)]
  0x000000002aed8800 JavaThread "Execution worker for ':' Thread 6" [_thread_blocked, id=46912, stack(0x000000002c490000,0x000000002c590000)]
  0x000000002aeda000 JavaThread "Execution worker for ':' Thread 5" [_thread_blocked, id=72388, stack(0x000000002c390000,0x000000002c490000)]
  0x000000002aedf800 JavaThread "Execution worker for ':' Thread 4" [_thread_blocked, id=79892, stack(0x000000002c290000,0x000000002c390000)]
  0x000000002aedc800 JavaThread "Execution worker for ':' Thread 3" [_thread_blocked, id=91156, stack(0x000000002c190000,0x000000002c290000)]
  0x000000002aede800 JavaThread "Execution worker for ':' Thread 2" [_thread_blocked, id=80344, stack(0x000000002c090000,0x000000002c190000)]
  0x000000002aede000 JavaThread "Execution worker for ':'" [_thread_blocked, id=91676, stack(0x000000002bac0000,0x000000002bbc0000)]
  0x000000002aedb800 JavaThread "Cache worker for file content cache (C:\Users\Nisha\AndroidStudioProjects\Calculator\.gradle\6.5\fileContent)" [_thread_blocked, id=46312, stack(0x000000002a760000,0x000000002a860000)]
  0x000000002aedd000 JavaThread "Memory manager" [_thread_blocked, id=71200, stack(0x0000000029e10000,0x0000000029f10000)]
  0x000000001b6fe800 JavaThread "Cache worker for Build Output Cleanup Cache (C:\Users\Nisha\AndroidStudioProjects\Calculator\.gradle\buildOutputCleanup)" [_thread_blocked, id=40816, stack(0x00000000253d0000,0x00000000254d0000)]
  0x000000001b6fd000 JavaThread "jar transforms Thread 92" [_thread_blocked, id=78300, stack(0x0000000029710000,0x0000000029810000)]
  0x000000001b6ff800 JavaThread "jar transforms Thread 91" [_thread_blocked, id=91748, stack(0x0000000029610000,0x0000000029710000)]
  0x000000001b6fc800 JavaThread "jar transforms Thread 90" [_thread_blocked, id=91652, stack(0x0000000029510000,0x0000000029610000)]
  0x000000001b6f5000 JavaThread "jar transforms Thread 89" [_thread_blocked, id=89588, stack(0x0000000029410000,0x0000000029510000)]
  0x000000001b6fb800 JavaThread "jar transforms Thread 88" [_thread_blocked, id=69304, stack(0x0000000029310000,0x0000000029410000)]
  0x000000001b6f4000 JavaThread "jar transforms Thread 87" [_thread_blocked, id=72300, stack(0x0000000029210000,0x0000000029310000)]
  0x000000001b6fa000 JavaThread "jar transforms Thread 86" [_thread_blocked, id=90308, stack(0x0000000029110000,0x0000000029210000)]
  0x000000001b6f9800 JavaThread "jar transforms Thread 85" [_thread_blocked, id=80072, stack(0x0000000029010000,0x0000000029110000)]
  0x000000001b6fb000 JavaThread "jar transforms Thread 84" [_thread_blocked, id=90264, stack(0x0000000028f10000,0x0000000029010000)]
  0x000000001b6f2000 JavaThread "jar transforms Thread 83" [_thread_blocked, id=81740, stack(0x0000000028e10000,0x0000000028f10000)]
  0x000000001b6f8800 JavaThread "jar transforms Thread 82" [_thread_blocked, id=58912, stack(0x0000000028d10000,0x0000000028e10000)]
  0x000000001b6f3800 JavaThread "jar transforms Thread 81" [_thread_blocked, id=66908, stack(0x0000000028c10000,0x0000000028d10000)]
  0x000000001b6f8000 JavaThread "jar transforms Thread 80" [_thread_blocked, id=11748, stack(0x0000000028b10000,0x0000000028c10000)]
  0x000000001b6f7000 JavaThread "jar transforms Thread 79" [_thread_blocked, id=78800, stack(0x0000000028a10000,0x0000000028b10000)]
  0x000000001b6f5800 JavaThread "jar transforms Thread 78" [_thread_blocked, id=90348, stack(0x0000000028910000,0x0000000028a10000)]
  0x000000001b6f2800 JavaThread "jar transforms Thread 77" [_thread_blocked, id=87692, stack(0x0000000028810000,0x0000000028910000)]
  0x000000001b6f6800 JavaThread "jar transforms Thread 76" [_thread_blocked, id=67420, stack(0x0000000028710000,0x0000000028810000)]
  0x000000001b6f1000 JavaThread "jar transforms Thread 75" [_thread_blocked, id=65888, stack(0x0000000028610000,0x0000000028710000)]
  0x000000001b6f0800 JavaThread "jar transforms Thread 74" [_thread_blocked, id=75108, stack(0x0000000028510000,0x0000000028610000)]
  0x000000001b854000 JavaThread "jar transforms Thread 73" [_thread_blocked, id=52316, stack(0x0000000028410000,0x0000000028510000)]
  0x000000001b851000 JavaThread "jar transforms Thread 72" [_thread_blocked, id=87920, stack(0x0000000028310000,0x0000000028410000)]
  0x000000001b853000 JavaThread "jar transforms Thread 71" [_thread_blocked, id=59972, stack(0x0000000028210000,0x0000000028310000)]
  0x000000001b84e800 JavaThread "jar transforms Thread 70" [_thread_blocked, id=84420, stack(0x0000000028110000,0x0000000028210000)]
  0x000000001b852800 JavaThread "jar transforms Thread 69" [_thread_blocked, id=66428, stack(0x0000000028010000,0x0000000028110000)]
  0x000000001b854800 JavaThread "jar transforms Thread 68" [_thread_blocked, id=91216, stack(0x0000000027f10000,0x0000000028010000)]
  0x000000001b850000 JavaThread "jar transforms Thread 67" [_thread_blocked, id=45456, stack(0x0000000027e10000,0x0000000027f10000)]
  0x000000001b84f800 JavaThread "jar transforms Thread 66" [_thread_blocked, id=91808, stack(0x0000000027d10000,0x0000000027e10000)]
  0x000000001b851800 JavaThread "jar transforms Thread 65" [_thread_blocked, id=90004, stack(0x0000000027c10000,0x0000000027d10000)]
  0x000000001b847000 JavaThread "jar transforms Thread 64" [_thread_blocked, id=60252, stack(0x0000000027b10000,0x0000000027c10000)]
  0x000000001b84e000 JavaThread "jar transforms Thread 63" [_thread_blocked, id=87440, stack(0x0000000027a10000,0x0000000027b10000)]
  0x000000001b84d000 JavaThread "jar transforms Thread 62" [_thread_blocked, id=80804, stack(0x0000000027910000,0x0000000027a10000)]
  0x000000001b84c800 JavaThread "jar transforms Thread 61" [_thread_blocked, id=54216, stack(0x0000000027810000,0x0000000027910000)]
  0x000000001b845800 JavaThread "jar transforms Thread 60" [_thread_blocked, id=88228, stack(0x0000000027710000,0x0000000027810000)]
  0x000000001b849800 JavaThread "jar transforms Thread 59" [_thread_blocked, id=71152, stack(0x0000000027610000,0x0000000027710000)]
  0x000000001b848800 JavaThread "jar transforms Thread 58" [_thread_blocked, id=68708, stack(0x0000000027510000,0x0000000027610000)]
  0x000000001b846800 JavaThread "jar transforms Thread 57" [_thread_blocked, id=77572, stack(0x0000000027410000,0x0000000027510000)]
  0x000000001b84b000 JavaThread "jar transforms Thread 56" [_thread_blocked, id=45180, stack(0x0000000027310000,0x0000000027410000)]
  0x000000001b848000 JavaThread "jar transforms Thread 55" [_thread_blocked, id=83420, stack(0x0000000027210000,0x0000000027310000)]
  0x000000001b84b800 JavaThread "jar transforms Thread 54" [_thread_blocked, id=68084, stack(0x0000000027110000,0x0000000027210000)]
  0x000000001b84a000 JavaThread "jar transforms Thread 53" [_thread_blocked, id=26112, stack(0x0000000027010000,0x0000000027110000)]
  0x000000001f3c3000 JavaThread "jar transforms Thread 52" [_thread_blocked, id=25568, stack(0x0000000026f10000,0x0000000027010000)]
  0x000000001f3be000 JavaThread "jar transforms Thread 51" [_thread_blocked, id=85576, stack(0x0000000026e10000,0x0000000026f10000)]
  0x000000001f3bf800 JavaThread "jar transforms Thread 50" [_thread_blocked, id=84680, stack(0x0000000026d10000,0x0000000026e10000)]
  0x000000001f3bb800 JavaThread "jar transforms Thread 49" [_thread_blocked, id=71080, stack(0x0000000026c10000,0x0000000026d10000)]
  0x000000001f3be800 JavaThread "jar transforms Thread 48" [_thread_blocked, id=91484, stack(0x0000000026b10000,0x0000000026c10000)]
  0x000000001f3c2800 JavaThread "jar transforms Thread 47" [_thread_blocked, id=74420, stack(0x0000000026a10000,0x0000000026b10000)]
  0x000000001f3c1800 JavaThread "jar transforms Thread 46" [_thread_blocked, id=69184, stack(0x0000000026910000,0x0000000026a10000)]
  0x000000001f3c1000 JavaThread "jar transforms Thread 45" [_thread_blocked, id=64196, stack(0x0000000026810000,0x0000000026910000)]
  0x000000001f3bd000 JavaThread "jar transforms Thread 44" [_thread_blocked, id=82480, stack(0x0000000026710000,0x0000000026810000)]
  0x000000001f3bc800 JavaThread "jar transforms Thread 43" [_thread_blocked, id=55148, stack(0x0000000026610000,0x0000000026710000)]
  0x000000001f3c0000 JavaThread "jar transforms Thread 42" [_thread_blocked, id=53760, stack(0x0000000026510000,0x0000000026610000)]
  0x000000001f3b4000 JavaThread "jar transforms Thread 41" [_thread_blocked, id=90464, stack(0x0000000026410000,0x0000000026510000)]
  0x000000001f3b8800 JavaThread "jar transforms Thread 40" [_thread_blocked, id=81944, stack(0x0000000026310000,0x0000000026410000)]
  0x000000001f3bb000 JavaThread "jar transforms Thread 39" [_thread_blocked, id=67276, stack(0x0000000026210000,0x0000000026310000)]
  0x000000001f3b7000 JavaThread "jar transforms Thread 38" [_thread_blocked, id=89168, stack(0x0000000026110000,0x0000000026210000)]
  0x000000001f3ba000 JavaThread "jar transforms Thread 37" [_thread_blocked, id=84284, stack(0x0000000026010000,0x0000000026110000)]
  0x000000001f3b9800 JavaThread "jar transforms Thread 36" [_thread_blocked, id=66844, stack(0x0000000025f10000,0x0000000026010000)]
  0x000000001f3b8000 JavaThread "jar transforms Thread 35" [_thread_blocked, id=81652, stack(0x0000000025e10000,0x0000000025f10000)]
  0x000000001f3b6800 JavaThread "jar transforms Thread 34" [_thread_blocked, id=87500, stack(0x0000000025d10000,0x0000000025e10000)]
  0x000000001f3b5800 JavaThread "jar transforms Thread 33" [_thread_blocked, id=77868, stack(0x0000000025c10000,0x0000000025d10000)]
  0x000000001f3b5000 JavaThread "jar transforms Thread 32" [_thread_blocked, id=83012, stack(0x0000000025b10000,0x0000000025c10000)]
  0x000000001fde9800 JavaThread "jar transforms Thread 31" [_thread_blocked, id=86028, stack(0x0000000025a10000,0x0000000025b10000)]
  0x000000001fde8800 JavaThread "jar transforms Thread 30" [_thread_blocked, id=89800, stack(0x0000000025910000,0x0000000025a10000)]
  0x000000001fde8000 JavaThread "jar transforms Thread 29" [_thread_blocked, id=86800, stack(0x0000000025810000,0x0000000025910000)]
  0x000000001fde7000 JavaThread "jar transforms Thread 28" [_thread_blocked, id=87952, stack(0x0000000025710000,0x0000000025810000)]
  0x000000001fde6800 JavaThread "jar transforms Thread 27" [_thread_blocked, id=40380, stack(0x0000000025610000,0x0000000025710000)]
  0x000000001fddf000 JavaThread "jar transforms Thread 26" [_thread_blocked, id=66940, stack(0x0000000025510000,0x0000000025610000)]
  0x000000001fde5800 JavaThread "jar transforms Thread 25" [_thread_blocked, id=41184, stack(0x00000000250d0000,0x00000000251d0000)]
  0x000000001fdde000 JavaThread "jar transforms Thread 24" [_thread_blocked, id=64380, stack(0x0000000024fd0000,0x00000000250d0000)]
  0x000000001fde5000 JavaThread "jar transforms Thread 23" [_thread_blocked, id=81440, stack(0x0000000024ed0000,0x0000000024fd0000)]
  0x000000001fde4000 JavaThread "jar transforms Thread 22" [_thread_blocked, id=36376, stack(0x0000000024dd0000,0x0000000024ed0000)]
  0x000000001fddc800 JavaThread "jar transforms Thread 21" [_thread_blocked, id=84460, stack(0x0000000024cd0000,0x0000000024dd0000)]
  0x000000001fddf800 JavaThread "jar transforms Thread 20" [_thread_blocked, id=89316, stack(0x0000000024bd0000,0x0000000024cd0000)]
  0x000000001fde2800 JavaThread "jar transforms Thread 19" [_thread_blocked, id=44604, stack(0x0000000024ad0000,0x0000000024bd0000)]
  0x000000001fde3800 JavaThread "jar transforms Thread 18" [_thread_blocked, id=15300, stack(0x00000000249d0000,0x0000000024ad0000)]
  0x000000001fddc000 JavaThread "jar transforms Thread 17" [_thread_blocked, id=80100, stack(0x00000000248d0000,0x00000000249d0000)]
  0x000000001fddd800 JavaThread "jar transforms Thread 16" [_thread_blocked, id=11316, stack(0x00000000247d0000,0x00000000248d0000)]
  0x000000001fddb000 JavaThread "jar transforms Thread 15" [_thread_blocked, id=64936, stack(0x00000000246d0000,0x00000000247d0000)]
  0x000000001fde2000 JavaThread "jar transforms Thread 14" [_thread_blocked, id=74008, stack(0x00000000245d0000,0x00000000246d0000)]
  0x000000001fdda800 JavaThread "jar transforms Thread 13" [_thread_blocked, id=78932, stack(0x00000000244d0000,0x00000000245d0000)]
  0x000000001fde1000 JavaThread "jar transforms Thread 12" [_thread_blocked, id=41768, stack(0x00000000243d0000,0x00000000244d0000)]
  0x000000001fde0800 JavaThread "jar transforms Thread 11" [_thread_blocked, id=74304, stack(0x00000000242d0000,0x00000000243d0000)]
  0x000000001f4fd000 JavaThread "jar transforms Thread 10" [_thread_blocked, id=66348, stack(0x00000000241d0000,0x00000000242d0000)]
  0x000000001f4ff000 JavaThread "jar transforms Thread 9" [_thread_blocked, id=87380, stack(0x00000000240d0000,0x00000000241d0000)]
  0x000000001f4fb800 JavaThread "jar transforms Thread 8" [_thread_blocked, id=85008, stack(0x0000000023fd0000,0x00000000240d0000)]
  0x000000001f4fc000 JavaThread "jar transforms Thread 7" [_thread_blocked, id=25324, stack(0x0000000023ed0000,0x0000000023fd0000)]
  0x000000001f4fe800 JavaThread "jar transforms Thread 6" [_thread_blocked, id=83468, stack(0x0000000023dd0000,0x0000000023ed0000)]
  0x000000001f500000 JavaThread "jar transforms Thread 5" [_thread_blocked, id=61204, stack(0x0000000023cd0000,0x0000000023dd0000)]
  0x000000001f4fd800 JavaThread "jar transforms Thread 4" [_thread_blocked, id=82728, stack(0x0000000023bd0000,0x0000000023cd0000)]
  0x000000001f500800 JavaThread "jar transforms Thread 3" [_thread_blocked, id=86012, stack(0x0000000023ad0000,0x0000000023bd0000)]
  0x000000001f4f4000 JavaThread "jar transforms Thread 2" [_thread_blocked, id=77052, stack(0x00000000239d0000,0x0000000023ad0000)]
  0x000000001f4fa800 JavaThread "Build operations Thread 8" [_thread_blocked, id=46916, stack(0x00000000237d0000,0x00000000238d0000)]
  0x000000001f4fa000 JavaThread "Build operations Thread 7" [_thread_blocked, id=80252, stack(0x00000000236d0000,0x00000000237d0000)]
  0x000000001f4f9000 JavaThread "Build operations Thread 6" [_thread_in_Java, id=30880, stack(0x00000000235d0000,0x00000000236d0000)]
  0x000000001f4f8800 JavaThread "Build operations Thread 5" [_thread_blocked, id=75752, stack(0x00000000234d0000,0x00000000235d0000)]
  0x000000001f4f7800 JavaThread "Build operations Thread 4" [_thread_blocked, id=91988, stack(0x00000000233d0000,0x00000000234d0000)]
  0x000000001f4f1800 JavaThread "Build operations Thread 3" [_thread_blocked, id=69428, stack(0x00000000232d0000,0x00000000233d0000)]
  0x000000001f4f2800 JavaThread "Build operations Thread 2" [_thread_in_Java, id=13748, stack(0x00000000231d0000,0x00000000232d0000)]
  0x000000001f4f7000 JavaThread "Build operations" [_thread_blocked, id=85156, stack(0x00000000230d0000,0x00000000231d0000)]
  0x000000001c47b800 JavaThread "Cache worker for file content cache (C:\Users\Nisha\.gradle\caches\6.5\fileContent)" [_thread_blocked, id=81496, stack(0x00000000229d0000,0x0000000022ad0000)]
  0x000000001c47a000 JavaThread "jar transforms" [_thread_blocked, id=89572, stack(0x00000000228d0000,0x00000000229d0000)]
  0x000000001c477800 JavaThread "Cache worker for execution history cache (C:\Users\Nisha\.gradle\caches\6.5\executionHistory)" [_thread_blocked, id=86976, stack(0x00000000221d0000,0x00000000222d0000)]
  0x000000001c479000 JavaThread "Cache worker for cache directory md-rule (C:\Users\Nisha\.gradle\caches\6.5\md-rule)" [_thread_blocked, id=57176, stack(0x00000000220d0000,0x00000000221d0000)]
  0x000000001c47c000 JavaThread "Cache worker for cache directory md-supplier (C:\Users\Nisha\.gradle\caches\6.5\md-supplier)" [_thread_blocked, id=89044, stack(0x0000000020c70000,0x0000000020d70000)]
  0x000000001c478800 JavaThread "Cache worker for checksums cache (C:\Users\Nisha\AndroidStudioProjects\Calculator\.gradle\checksums)" [_thread_blocked, id=82580, stack(0x0000000020b70000,0x0000000020c70000)]
  0x000000001c477000 JavaThread "Cache worker for file hash cache (C:\Users\Nisha\AndroidStudioProjects\Calculator\.gradle\6.5\fileHashes)" [_thread_blocked, id=84876, stack(0x0000000021fd0000,0x00000000220d0000)]
  0x000000001c47d000 JavaThread "Cache worker for file hash cache (C:\Users\Nisha\.gradle\caches\6.5\fileHashes)" [_thread_blocked, id=28532, stack(0x000000001e6d0000,0x000000001e7d0000)]
  0x000000001c47a800 JavaThread "File lock request listener" [_thread_in_native, id=69028, stack(0x000000001e5d0000,0x000000001e6d0000)]
  0x000000001a885000 JavaThread "Cache worker for journal cache (C:\Users\Nisha\.gradle\caches\journal-1)" [_thread_blocked, id=87200, stack(0x000000001e4d0000,0x000000001e5d0000)]
  0x000000001ba97800 JavaThread "Thread-9" [_thread_blocked, id=90452, stack(0x000000001e1d0000,0x000000001e2d0000)]
  0x000000001ba95000 JavaThread "Stdin handler" [_thread_blocked, id=82192, stack(0x000000001e0d0000,0x000000001e1d0000)]
  0x000000001ba94000 JavaThread "Asynchronous log dispatcher for DefaultDaemonConnection: socket connection from /127.0.0.1:58351 to /127.0.0.1:58352" [_thread_blocked, id=81184, stack(0x000000001dfd0000,0x000000001e0d0000)]
  0x000000001c256800 JavaThread "Daemon worker" [_thread_blocked, id=84768, stack(0x000000001ded0000,0x000000001dfd0000)]
  0x000000001c24d800 JavaThread "Cancel handler" [_thread_blocked, id=69772, stack(0x000000001ddd0000,0x000000001ded0000)]
  0x000000001c1df000 JavaThread "Handler for socket connection from /127.0.0.1:58351 to /127.0.0.1:58352" [_thread_in_native, id=91976, stack(0x000000001dad0000,0x000000001dbd0000)]
  0x000000001c1dc800 JavaThread "Daemon" [_thread_blocked, id=67392, stack(0x000000001d9d0000,0x000000001dad0000)]
  0x000000001c1d8800 JavaThread "Daemon periodic checks" [_thread_blocked, id=72660, stack(0x000000001d8d0000,0x000000001d9d0000)]
  0x000000001c16d800 JavaThread "Incoming local TCP Connector on port 58351" [_thread_in_native, id=92148, stack(0x000000001d690000,0x000000001d790000)]
  0x000000001c0e8000 JavaThread "Daemon health stats" [_thread_blocked, id=83816, stack(0x000000001d050000,0x000000001d150000)]
  0x000000001987b800 JavaThread "Service Thread" daemon [_thread_blocked, id=75156, stack(0x000000001a4b0000,0x000000001a5b0000)]
  0x00000000197ef800 JavaThread "C1 CompilerThread3" daemon [_thread_blocked, id=2568, stack(0x000000001a3b0000,0x000000001a4b0000)]
=>0x00000000197e7000 JavaThread "C2 CompilerThread2" daemon [_thread_in_native, id=89080, stack(0x000000001a2b0000,0x000000001a3b0000)]
  0x00000000179ec000 JavaThread "C2 CompilerThread1" daemon [_thread_in_native, id=30684, stack(0x000000001a1b0000,0x000000001a2b0000)]
  0x00000000197e0000 JavaThread "C2 CompilerThread0" daemon [_thread_in_native, id=89288, stack(0x000000001a0b0000,0x000000001a1b0000)]
  0x00000000197df000 JavaThread "Attach Listener" daemon [_thread_blocked, id=66956, stack(0x0000000019fb0000,0x000000001a0b0000)]
  0x00000000197e5800 JavaThread "Signal Dispatcher" daemon [_thread_blocked, id=50920, stack(0x0000000019eb0000,0x0000000019fb0000)]
  0x00000000197d1800 JavaThread "Finalizer" daemon [_thread_blocked, id=78648, stack(0x0000000019cb0000,0x0000000019db0000)]
  0x00000000197d0800 JavaThread "Reference Handler" daemon [_thread_blocked, id=47488, stack(0x0000000019bb0000,0x0000000019cb0000)]
  0x000000000273d800 JavaThread "main" [_thread_blocked, id=79668, stack(0x0000000002770000,0x0000000002870000)]

Other Threads:
  0x00000000179d8000 VMThread [stack: 0x00000000196b0000,0x00000000197b0000] [id=84452]
  0x000000001987c800 WatcherThread [stack: 0x000000001a5b0000,0x000000001a6b0000] [id=90040]

VM state:not at safepoint (normal execution)

VM Mutex/Monitor currently owned by a thread: None

heap address: 0x0000000080000000, size: 2048 MB, Compressed Oops mode: 32-bit
Narrow klass base: 0x0000000000000000, Narrow klass shift: 3
Compressed class space size: 1073741824 Address: 0x0000000100000000

Heap:
 PSYoungGen      total 449024K, used 300377K [0x00000000d5580000, 0x00000000f6380000, 0x0000000100000000)
  eden space 423936K, 67% used [0x00000000d5580000,0x00000000e6bac6d0,0x00000000ef380000)
  from space 25088K, 61% used [0x00000000f0f80000,0x00000000f1ea9e00,0x00000000f2800000)
  to   space 28672K, 0% used [0x00000000ef380000,0x00000000ef380000,0x00000000f0f80000)
 ParOldGen       total 181760K, used 98262K [0x0000000080000000, 0x000000008b180000, 0x00000000d5580000)
  object space 181760K, 54% used [0x0000000080000000,0x0000000085ff5bc8,0x000000008b180000)
 Metaspace       used 81189K, capacity 85352K, committed 87960K, reserved 1124352K
  class space    used 11019K, capacity 11795K, committed 12464K, reserved 1048576K

Card table byte_map: [0x0000000011d30000,0x0000000012140000] byte_map_base: 0x0000000011930000

Marking Bits: (ParMarkBitMap*) 0x000000005e33f030
 Begin Bits: [0x0000000012bf0000, 0x0000000014bf0000)
 End Bits:   [0x0000000014bf0000, 0x0000000016bf0000)

Polling page: 0x0000000000eb0000

CodeCache: size=245760Kb used=41035Kb max_used=41739Kb free=204724Kb
 bounds [0x0000000002970000, 0x0000000005270000, 0x0000000011970000]
 total_blobs=12869 nmethods=12035 adapters=744
 compilation: enabled

Compilation events (10 events):
Event: 26.320 Thread 0x00000000197ef800 nmethod 14537 0x0000000004624c50 code [0x0000000004624dc0, 0x0000000004624f28]
Event: 26.336 Thread 0x00000000197ef800 14538       2       com.android.tools.r8.s.a.p.u::a (16 bytes)
Event: 26.337 Thread 0x00000000197ef800 nmethod 14538 0x0000000002d27e90 code [0x0000000002d28000, 0x0000000002d28198]
Event: 26.338 Thread 0x00000000197ef800 14539       2       com.android.tools.r8.s.b.x::a (24 bytes)
Event: 26.338 Thread 0x00000000197ef800 nmethod 14539 0x00000000033d1dd0 code [0x00000000033d1f40, 0x00000000033d20f8]
Event: 26.354 Thread 0x00000000197ef800 14541       2       com.android.tools.r8.s.b.q::a (254 bytes)
Event: 26.357 Thread 0x00000000197ef800 nmethod 14541 0x000000000464e310 code [0x000000000464e600, 0x000000000464f288]
Event: 26.357 Thread 0x00000000197ef800 14542       2       com.android.tools.r8.s.b.o::i (51 bytes)
Event: 26.357 Thread 0x00000000197ef800 nmethod 14542 0x00000000044960d0 code [0x0000000004496280, 0x0000000004496548]
Event: 26.360 Thread 0x00000000197ef800 14543 %     3       com.android.tools.r8.ir.regalloc.a::a @ 189 (1157 bytes)

GC Heap History (10 events):
Event: 22.329 GC heap before
{Heap before GC invocations=22 (full 4):
 PSYoungGen      total 443904K, used 422328K [0x00000000d5580000, 0x00000000f2800000, 0x0000000100000000)
  eden space 410112K, 100% used [0x00000000d5580000,0x00000000ee600000,0x00000000ee600000)
  from space 33792K, 36% used [0x00000000ee600000,0x00000000ef1ee1b0,0x00000000f0700000)
  to   space 25088K, 0% used [0x00000000f0f80000,0x00000000f0f80000,0x00000000f2800000)
 ParOldGen       total 181760K, used 77416K [0x0000000080000000, 0x000000008b180000, 0x00000000d5580000)
  object space 181760K, 42% used [0x0000000080000000,0x0000000084b9a050,0x000000008b180000)
 Metaspace       used 80745K, capacity 84970K, committed 87704K, reserved 1124352K
  class space    used 11017K, capacity 11794K, committed 12464K, reserved 1048576K
Event: 22.360 GC heap after
Heap after GC invocations=22 (full 4):
 PSYoungGen      total 435200K, used 4480K [0x00000000d5580000, 0x00000000f2800000, 0x0000000100000000)
  eden space 410112K, 0% used [0x00000000d5580000,0x00000000d5580000,0x00000000ee600000)
  from space 25088K, 17% used [0x00000000f0f80000,0x00000000f13e0000,0x00000000f2800000)
  to   space 33792K, 0% used [0x00000000ee600000,0x00000000ee600000,0x00000000f0700000)
 ParOldGen       total 181760K, used 87627K [0x0000000080000000, 0x000000008b180000, 0x00000000d5580000)
  object space 181760K, 48% used [0x0000000080000000,0x0000000085592f18,0x000000008b180000)
 Metaspace       used 80745K, capacity 84970K, committed 87704K, reserved 1124352K
  class space    used 11017K, capacity 11794K, committed 12464K, reserved 1048576K
}
Event: 23.071 GC heap before
{Heap before GC invocations=23 (full 4):
 PSYoungGen      total 435200K, used 414592K [0x00000000d5580000, 0x00000000f2800000, 0x0000000100000000)
  eden space 410112K, 100% used [0x00000000d5580000,0x00000000ee600000,0x00000000ee600000)
  from space 25088K, 17% used [0x00000000f0f80000,0x00000000f13e0000,0x00000000f2800000)
  to   space 33792K, 0% used [0x00000000ee600000,0x00000000ee600000,0x00000000f0700000)
 ParOldGen       total 181760K, used 87627K [0x0000000080000000, 0x000000008b180000, 0x00000000d5580000)
  object space 181760K, 48% used [0x0000000080000000,0x0000000085592f18,0x000000008b180000)
 Metaspace       used 80864K, capacity 85058K, committed 87704K, reserved 1124352K
  class space    used 11017K, capacity 11794K, committed 12464K, reserved 1048576K
Event: 23.085 GC heap after
Heap after GC invocations=23 (full 4):
 PSYoungGen      total 443904K, used 4448K [0x00000000d5580000, 0x00000000f2800000, 0x0000000100000000)
  eden space 410112K, 0% used [0x00000000d5580000,0x00000000d5580000,0x00000000ee600000)
  from space 33792K, 13% used [0x00000000ee600000,0x00000000eea58010,0x00000000f0700000)
  to   space 25088K, 0% used [0x00000000f0f80000,0x00000000f0f80000,0x00000000f2800000)
 ParOldGen       total 181760K, used 91135K [0x0000000080000000, 0x000000008b180000, 0x00000000d5580000)
  object space 181760K, 50% used [0x0000000080000000,0x00000000858fff48,0x000000008b180000)
 Metaspace       used 80864K, capacity 85058K, committed 87704K, reserved 1124352K
  class space    used 11017K, capacity 11794K, committed 12464K, reserved 1048576K
}
Event: 23.766 GC heap before
{Heap before GC invocations=24 (full 4):
 PSYoungGen      total 443904K, used 414560K [0x00000000d5580000, 0x00000000f2800000, 0x0000000100000000)
  eden space 410112K, 100% used [0x00000000d5580000,0x00000000ee600000,0x00000000ee600000)
  from space 33792K, 13% used [0x00000000ee600000,0x00000000eea58010,0x00000000f0700000)
  to   space 25088K, 0% used [0x00000000f0f80000,0x00000000f0f80000,0x00000000f2800000)
 ParOldGen       total 181760K, used 91135K [0x0000000080000000, 0x000000008b180000, 0x00000000d5580000)
  object space 181760K, 50% used [0x0000000080000000,0x00000000858fff48,0x000000008b180000)
 Metaspace       used 81033K, capacity 85208K, committed 87704K, reserved 1124352K
  class space    used 11019K, capacity 11795K, committed 12464K, reserved 1048576K
Event: 23.789 GC heap after
Heap after GC invocations=24 (full 4):
 PSYoungGen      total 435200K, used 5113K [0x00000000d5580000, 0x00000000f2800000, 0x0000000100000000)
  eden space 410112K, 0% used [0x00000000d5580000,0x00000000d5580000,0x00000000ee600000)
  from space 25088K, 20% used [0x00000000f0f80000,0x00000000f147e758,0x00000000f2800000)
  to   space 33792K, 0% used [0x00000000ee600000,0x00000000ee600000,0x00000000f0700000)
 ParOldGen       total 181760K, used 94535K [0x0000000080000000, 0x000000008b180000, 0x00000000d5580000)
  object space 181760K, 52% used [0x0000000080000000,0x0000000085c51c28,0x000000008b180000)
 Metaspace       used 81033K, capacity 85208K, committed 87704K, reserved 1124352K
  class space    used 11019K, capacity 11795K, committed 12464K, reserved 1048576K
}
Event: 24.677 GC heap before
{Heap before GC invocations=25 (full 4):
 PSYoungGen      total 435200K, used 415225K [0x00000000d5580000, 0x00000000f2800000, 0x0000000100000000)
  eden space 410112K, 100% used [0x00000000d5580000,0x00000000ee600000,0x00000000ee600000)
  from space 25088K, 20% used [0x00000000f0f80000,0x00000000f147e758,0x00000000f2800000)
  to   space 33792K, 0% used [0x00000000ee600000,0x00000000ee600000,0x00000000f0700000)
 ParOldGen       total 181760K, used 94535K [0x0000000080000000, 0x000000008b180000, 0x00000000d5580000)
  object space 181760K, 52% used [0x0000000080000000,0x0000000085c51c28,0x000000008b180000)
 Metaspace       used 81109K, capacity 85284K, committed 87960K, reserved 1124352K
  class space    used 11019K, capacity 11795K, committed 12464K, reserved 1048576K
Event: 24.699 GC heap after
Heap after GC invocations=25 (full 4):
 PSYoungGen      total 443904K, used 12164K [0x00000000d5580000, 0x00000000f2800000, 0x0000000100000000)
  eden space 410112K, 0% used [0x00000000d5580000,0x00000000d5580000,0x00000000ee600000)
  from space 33792K, 35% used [0x00000000ee600000,0x00000000ef1e1230,0x00000000f0700000)
  to   space 25088K, 0% used [0x00000000f0f80000,0x00000000f0f80000,0x00000000f2800000)
 ParOldGen       total 181760K, used 98262K [0x0000000080000000, 0x000000008b180000, 0x00000000d5580000)
  object space 181760K, 54% used [0x0000000080000000,0x0000000085ff5bc8,0x000000008b180000)
 Metaspace       used 81109K, capacity 85284K, committed 87960K, reserved 1124352K
  class space    used 11019K, capacity 11795K, committed 12464K, reserved 1048576K
}
Event: 25.639 GC heap before
{Heap before GC invocations=26 (full 4):
 PSYoungGen      total 443904K, used 422276K [0x00000000d5580000, 0x00000000f2800000, 0x0000000100000000)
  eden space 410112K, 100% used [0x00000000d5580000,0x00000000ee600000,0x00000000ee600000)
  from space 33792K, 35% used [0x00000000ee600000,0x00000000ef1e1230,0x00000000f0700000)
  to   space 25088K, 0% used [0x00000000f0f80000,0x00000000f0f80000,0x00000000f2800000)
 ParOldGen       total 181760K, used 98262K [0x0000000080000000, 0x000000008b180000, 0x00000000d5580000)
  object space 181760K, 54% used [0x0000000080000000,0x0000000085ff5bc8,0x000000008b180000)
 Metaspace       used 81154K, capacity 85348K, committed 87960K, reserved 1124352K
  class space    used 11019K, capacity 11795K, committed 12464K, reserved 1048576K
Event: 25.661 GC heap after
Heap after GC invocations=26 (full 4):
 PSYoungGen      total 449024K, used 15527K [0x00000000d5580000, 0x00000000f6380000, 0x0000000100000000)
  eden space 423936K, 0% used [0x00000000d5580000,0x00000000d5580000,0x00000000ef380000)
  from space 25088K, 61% used [0x00000000f0f80000,0x00000000f1ea9e00,0x00000000f2800000)
  to   space 28672K, 0% used [0x00000000ef380000,0x00000000ef380000,0x00000000f0f80000)
 ParOldGen       total 181760K, used 98262K [0x0000000080000000, 0x000000008b180000, 0x00000000d5580000)
  object space 181760K, 54% used [0x0000000080000000,0x0000000085ff5bc8,0x000000008b180000)
 Metaspace       used 81154K, capacity 85348K, committed 87960K, reserved 1124352K
  class space    used 11019K, capacity 11795K, committed 12464K, reserved 1048576K
}

Deoptimization events (10 events):
Event: 23.962 Thread 0x000000001f4fa000 Uncommon trap: reason=unstable_if action=reinterpret pc=0x00000000048b97a0 method=com.android.tools.r8.ir.conversion.o.a(ILcom/android/tools/r8/ir/conversion/N;)I @ 148
Event: 24.539 Thread 0x000000001f4f8800 Uncommon trap: reason=predicate action=maybe_recompile pc=0x000000000518087c method=com.android.tools.r8.ir.optimize.a0.a(Lcom/android/tools/r8/s/b/X;Lcom/android/tools/r8/ir/regalloc/e;I)V @ 330
Event: 24.662 Thread 0x000000001f4f8800 Uncommon trap: reason=predicate action=maybe_recompile pc=0x000000000516ddf8 method=java.util.TimSort.binarySort([Ljava/lang/Object;IIILjava/util/Comparator;)V @ 37
Event: 24.836 Thread 0x000000001f4f9000 Uncommon trap: reason=unstable_if action=reinterpret pc=0x0000000004671714 method=com.android.tools.r8.graph.i0.a([C)I @ 44
Event: 25.176 Thread 0x000000001f4f1800 Uncommon trap: reason=array_check action=maybe_recompile pc=0x000000000522de58 method=java.util.TimSort.binarySort([Ljava/lang/Object;IIILjava/util/Comparator;)V @ 215
Event: 25.177 Thread 0x000000001f4f1800 Uncommon trap: reason=array_check action=maybe_recompile pc=0x000000000522de58 method=java.util.TimSort.binarySort([Ljava/lang/Object;IIILjava/util/Comparator;)V @ 215
Event: 25.177 Thread 0x000000001f4f1800 Uncommon trap: reason=array_check action=maybe_recompile pc=0x000000000522df1c method=java.util.TimSort.binarySort([Ljava/lang/Object;IIILjava/util/Comparator;)V @ 193
Event: 25.209 Thread 0x000000001f4f1800 Uncommon trap: reason=array_check action=maybe_recompile pc=0x000000000522dfe4 method=java.util.TimSort.binarySort([Ljava/lang/Object;IIILjava/util/Comparator;)V @ 183
Event: 25.210 Thread 0x000000001f4f1800 Uncommon trap: reason=array_check action=maybe_recompile pc=0x000000000522dfe4 method=java.util.TimSort.binarySort([Ljava/lang/Object;IIILjava/util/Comparator;)V @ 183
Event: 26.338 Thread 0x000000001f4f9000 Uncommon trap: reason=class_check action=maybe_recompile pc=0x0000000004ec8728 method=com.android.tools.r8.ir.optimize.r.a(Lcom/android/tools/r8/s/b/X;Lcom/android/tools/r8/utils/n1;)V @ 302

Classes redefined (0 events):
No events

Internal exceptions (10 events):
Event: 23.991 Thread 0x000000001f4f9000 Exception <a 'sun/nio/fs/WindowsException'> (0x00000000dae72e20) thrown at [C:\src\AOSP-openjdk-git\hotspot\src\share\vm\prims\jni.cpp, line 710]
Event: 24.148 Thread 0x000000001f4f8800 Exception <a 'sun/nio/fs/WindowsException'> (0x00000000db42a0e8) thrown at [C:\src\AOSP-openjdk-git\hotspot\src\share\vm\prims\jni.cpp, line 710]
Event: 24.246 Thread 0x000000001f4f7000 Exception <a 'sun/nio/fs/WindowsException'> (0x00000000e25f75a8) thrown at [C:\src\AOSP-openjdk-git\hotspot\src\share\vm\prims\jni.cpp, line 710]
Event: 24.249 Thread 0x000000001f4f8800 Exception <a 'sun/nio/fs/WindowsException'> (0x00000000e1df3bc0) thrown at [C:\src\AOSP-openjdk-git\hotspot\src\share\vm\prims\jni.cpp, line 710]
Event: 24.343 Thread 0x000000001f4f8800 Exception <a 'sun/nio/fs/WindowsException'> (0x00000000e47d4378) thrown at [C:\src\AOSP-openjdk-git\hotspot\src\share\vm\prims\jni.cpp, line 710]
Event: 24.489 Thread 0x000000001f4f9000 Exception <a 'sun/nio/fs/WindowsException'> (0x00000000e90e4a88) thrown at [C:\src\AOSP-openjdk-git\hotspot\src\share\vm\prims\jni.cpp, line 710]
Event: 24.744 Thread 0x000000001f4f8800 Exception <a 'sun/nio/fs/WindowsException'> (0x00000000d74ad1b8) thrown at [C:\src\AOSP-openjdk-git\hotspot\src\share\vm\prims\jni.cpp, line 710]
Event: 24.991 Thread 0x000000002aeda000 Exception <a 'sun/nio/fs/WindowsException'> (0x00000000dd88f538) thrown at [C:\src\AOSP-openjdk-git\hotspot\src\share\vm\prims\jni.cpp, line 710]
Event: 25.283 Thread 0x000000001f4f1800 Exception <a 'sun/nio/fs/WindowsException'> (0x00000000e54c4cd0) thrown at [C:\src\AOSP-openjdk-git\hotspot\src\share\vm\prims\jni.cpp, line 710]
Event: 26.213 Thread 0x000000001f4fa000 Exception <a 'sun/nio/fs/WindowsException'> (0x00000000e2173cf0) thrown at [C:\src\AOSP-openjdk-git\hotspot\src\share\vm\prims\jni.cpp, line 710]

Events (10 events):
Event: 26.264 Thread 0x000000001f4f9000 DEOPT UNPACKING pc=0x00000000029b75d0 sp=0x00000000236ca450 mode 0
Event: 26.277 Thread 0x000000001f4f2800 DEOPT PACKING pc=0x00000000047bfd33 sp=0x00000000232ca500
Event: 26.277 Thread 0x000000001f4f2800 DEOPT UNPACKING pc=0x00000000029b75d0 sp=0x00000000232ca650 mode 0
Event: 26.322 Thread 0x000000001f4f9000 DEOPT PACKING pc=0x00000000047c056d sp=0x00000000236ca2f0
Event: 26.322 Thread 0x000000001f4f9000 DEOPT UNPACKING pc=0x00000000029b75d0 sp=0x00000000236ca448 mode 0
Event: 26.338 Thread 0x000000001f4f9000 Uncommon trap: trap_request=0xffffffde fr.pc=0x0000000004ec8728
Event: 26.338 Thread 0x000000001f4f9000 DEOPT PACKING pc=0x0000000004ec8728 sp=0x00000000236ca5f0
Event: 26.338 Thread 0x000000001f4f9000 DEOPT UNPACKING pc=0x00000000029b557b sp=0x00000000236ca698 mode 2
Event: 26.361 Thread 0x000000001f4f2800 DEOPT PACKING pc=0x00000000049ec6c0 sp=0x00000000232ca4b0
Event: 26.361 Thread 0x000000001f4f2800 DEOPT UNPACKING pc=0x00000000029b75d0 sp=0x00000000232ca468 mode 0


Dynamic libraries:
0x00007ff778b30000 - 0x00007ff778b61000 	C:\Program Files\Android\Android Studio\jre\bin\java.exe
0x00007ffdcd390000 - 0x00007ffdcd586000 	C:\WINDOWS\SYSTEM32\ntdll.dll
0x00007ffdcc060000 - 0x00007ffdcc11d000 	C:\WINDOWS\System32\KERNEL32.DLL
0x00007ffdcad80000 - 0x00007ffdcb049000 	C:\WINDOWS\System32\KERNELBASE.dll
0x00007ffdc8350000 - 0x00007ffdc83e0000 	C:\WINDOWS\SYSTEM32\apphelp.dll
0x00007ffdcbfb0000 - 0x00007ffdcc05c000 	C:\WINDOWS\System32\ADVAPI32.dll
0x00007ffdcb990000 - 0x00007ffdcba2e000 	C:\WINDOWS\System32\msvcrt.dll
0x00007ffdcbb90000 - 0x00007ffdcbc2c000 	C:\WINDOWS\System32\sechost.dll
0x00007ffdcbdd0000 - 0x00007ffdcbefb000 	C:\WINDOWS\System32\RPCRT4.dll
0x00007ffdcb7f0000 - 0x00007ffdcb990000 	C:\WINDOWS\System32\USER32.dll
0x00007ffdcac20000 - 0x00007ffdcac42000 	C:\WINDOWS\System32\win32u.dll
0x00007ffdcc950000 - 0x00007ffdcc97a000 	C:\WINDOWS\System32\GDI32.dll
0x00007ffdcb0d0000 - 0x00007ffdcb1db000 	C:\WINDOWS\System32\gdi32full.dll
0x00007ffdcab30000 - 0x00007ffdcabcd000 	C:\WINDOWS\System32\msvcp_win.dll
0x00007ffdcac50000 - 0x00007ffdcad50000 	C:\WINDOWS\System32\ucrtbase.dll
0x00007ffdafda0000 - 0x00007ffdb003b000 	C:\WINDOWS\WinSxS\amd64_microsoft.windows.common-controls_6595b64144ccf1df_6.0.19041.746_none_ca02b4b61b8320a4\COMCTL32.dll
0x00007ffdcc280000 - 0x00007ffdcc2b0000 	C:\WINDOWS\System32\IMM32.DLL
0x000000005d7e0000 - 0x000000005d8b2000 	C:\Program Files\Android\Android Studio\jre\jre\bin\msvcr100.dll
0x000000005db70000 - 0x000000005e3bb000 	C:\Program Files\Android\Android Studio\jre\jre\bin\server\jvm.dll
0x00007ffdcb410000 - 0x00007ffdcb418000 	C:\WINDOWS\System32\PSAPI.DLL
0x00007ffdc3be0000 - 0x00007ffdc3bea000 	C:\WINDOWS\SYSTEM32\VERSION.dll
0x00007ffdc8330000 - 0x00007ffdc8339000 	C:\WINDOWS\SYSTEM32\WSOCK32.dll
0x00007ffdb6560000 - 0x00007ffdb6587000 	C:\WINDOWS\SYSTEM32\WINMM.dll
0x00007ffdcbc30000 - 0x00007ffdcbc9b000 	C:\WINDOWS\System32\WS2_32.dll
0x00007ffdc5210000 - 0x00007ffdc521f000 	C:\Program Files\Android\Android Studio\jre\jre\bin\verify.dll
0x00007ffdadb50000 - 0x00007ffdadb79000 	C:\Program Files\Android\Android Studio\jre\jre\bin\java.dll
0x00007ffdb6670000 - 0x00007ffdb6686000 	C:\Program Files\Android\Android Studio\jre\jre\bin\zip.dll
0x00007ffdccc00000 - 0x00007ffdcd342000 	C:\WINDOWS\System32\SHELL32.dll
0x00007ffdc8be0000 - 0x00007ffdc9370000 	C:\WINDOWS\SYSTEM32\windows.storage.dll
0x00007ffdcb490000 - 0x00007ffdcb7e6000 	C:\WINDOWS\System32\combase.dll
0x00007ffdca460000 - 0x00007ffdca48c000 	C:\WINDOWS\SYSTEM32\Wldp.dll
0x00007ffdcbf00000 - 0x00007ffdcbfae000 	C:\WINDOWS\System32\SHCORE.dll
0x00007ffdcc120000 - 0x00007ffdcc175000 	C:\WINDOWS\System32\shlwapi.dll
0x00007ffdcaa00000 - 0x00007ffdcaa26000 	C:\WINDOWS\SYSTEM32\profapi.dll
0x00007ffdb1820000 - 0x00007ffdb183a000 	C:\Program Files\Android\Android Studio\jre\jre\bin\net.dll
0x00007ffdca1a0000 - 0x00007ffdca20a000 	C:\WINDOWS\system32\mswsock.dll
0x00007ffdb17b0000 - 0x00007ffdb17c3000 	C:\Program Files\Android\Android Studio\jre\jre\bin\nio.dll
0x00007ffdadd90000 - 0x00007ffdaddb7000 	C:\Users\Nisha\.gradle\native\f6784746aeab05261644944871eae4fe03e0ef1612fff0a4a95f87b438bc6780\windows-amd64\native-platform.dll
0x00007ffdb7510000 - 0x00007ffdb751d000 	C:\Program Files\Android\Android Studio\jre\jre\bin\management.dll
0x00007ffdca3a0000 - 0x00007ffdca3b8000 	C:\WINDOWS\SYSTEM32\CRYPTSP.dll
0x00007ffdc9b40000 - 0x00007ffdc9b74000 	C:\WINDOWS\system32\rsaenh.dll
0x00007ffdcad50000 - 0x00007ffdcad77000 	C:\WINDOWS\System32\bcrypt.dll
0x00007ffdca9c0000 - 0x00007ffdca9ee000 	C:\WINDOWS\SYSTEM32\USERENV.dll
0x00007ffdcb050000 - 0x00007ffdcb0d0000 	C:\WINDOWS\System32\bcryptprimitives.dll
0x00007ffdca390000 - 0x00007ffdca39c000 	C:\WINDOWS\SYSTEM32\CRYPTBASE.dll
0x00007ffdc9ea0000 - 0x00007ffdc9edb000 	C:\WINDOWS\SYSTEM32\IPHLPAPI.DLL
0x00007ffdcb480000 - 0x00007ffdcb488000 	C:\WINDOWS\System32\NSI.dll
0x00007ffdc1cd0000 - 0x00007ffdc1ce7000 	C:\WINDOWS\SYSTEM32\dhcpcsvc6.DLL
0x00007ffdc3020000 - 0x00007ffdc303d000 	C:\WINDOWS\SYSTEM32\dhcpcsvc.DLL
0x00007ffdc9ee0000 - 0x00007ffdc9fab000 	C:\WINDOWS\SYSTEM32\DNSAPI.dll
0x00007ffdc35d0000 - 0x00007ffdc35db000 	C:\WINDOWS\SYSTEM32\WINNSI.DLL

VM Arguments:
jvm_args: -Xmx2048m -Dfile.encoding=UTF-8 -Duser.country=IN -Duser.language=en -Duser.variant 
java_command: org.gradle.launcher.daemon.bootstrap.GradleDaemon 6.5
java_class_path (initial): C:\Users\Nisha\.gradle\wrapper\dists\gradle-6.5-bin\6nifqtx7604sqp1q6g8wikw7p\gradle-6.5\lib\gradle-launcher-6.5.jar
Launcher Type: SUN_STANDARD

Environment Variables:
PATH=C:\Program Files (x86)\Common Files\Oracle\Java\javapath;C:\WINDOWS\system32;C:\WINDOWS;C:\WINDOWS\System32\Wbem;C:\WINDOWS\System32\WindowsPowerShell\v1.0\;C:\WINDOWS\System32\OpenSSH\;C:\Program Files\PuTTY\;C:\Users\Nisha\AppData\Local\Programs\Python\Python38-32\Scripts\;C:\Users\Nisha\AppData\Local\Programs\Python\Python38-32\;C:\Users\Nisha\AppData\Local\Microsoft\WindowsApps;;C:\Users\Nisha\AppData\Local\Programs\Microsoft VS Code\bin
USERNAME=Nisha
OS=Windows_NT
PROCESSOR_IDENTIFIER=Intel64 Family 6 Model 142 Stepping 12, GenuineIntel



---------------  S Y S T E M  ---------------

OS: Windows 10.0 , 64 bit Build 19041 (10.0.19041.804)

CPU:total 8 (initial active 8) (4 cores per cpu, 2 threads per core) family 6 model 142 stepping 12, cmov, cx8, fxsr, mmx, sse, sse2, sse3, ssse3, sse4.1, sse4.2, popcnt, avx, avx2, aes, clmul, erms, 3dnowpref, lzcnt, ht, tsc, tscinvbit, bmi1, bmi2, adx

Memory: 4k page, physical 8272180k(219440k free), swap 33438004k(4648k free)

vm_info: OpenJDK 64-Bit Server VM (25.242-b01) for windows-amd64 JRE (1.8.0_242-release-1644-b01), built by "builder" with MS VC++ 10.0 (VS2010)

time: Thu May 13 18:22:55 2021
timezone: W. Europe Daylight Time
elapsed time: 26 seconds (0d 0h 0m 26s)

